0 info it worked if it ends with ok
1 verbose cli [ '/usr/local/bin/node', '/usr/local/bin/npm', 'install', 'n', '-g' ]
2 info using npm@3.5.4
3 info using node@v16.4.2
4 verbose stack ReferenceError: primordials is not defined
4 verbose stack     at evalmachine.<anonymous>:47:5
4 verbose stack     at Object.<anonymous> (/usr/local/lib/node_modules/npm/node_modules/cmd-shim/node_modules/graceful-fs/fs.js:11:1)
4 verbose stack     at Module._compile (node:internal/modules/cjs/loader:1095:14)
4 verbose stack     at Object.Module._extensions..js (node:internal/modules/cjs/loader:1124:10)
4 verbose stack     at Module.load (node:internal/modules/cjs/loader:975:32)
4 verbose stack     at Function.Module._load (node:internal/modules/cjs/loader:816:12)
4 verbose stack     at Module.require (node:internal/modules/cjs/loader:999:19)
4 verbose stack     at require (node:internal/modules/cjs/helpers:93:18)
4 verbose stack     at Object.<anonymous> (/usr/local/lib/node_modules/npm/node_modules/cmd-shim/node_modules/graceful-fs/graceful-fs.js:3:27)
4 verbose stack     at Module._compile (node:internal/modules/cjs/loader:1095:14)
5 verbose cwd /home/railon/Projects/JavaScript/professional-portfolio-JS
6 error Linux 5.8.0-63-generic
7 error argv "/usr/local/bin/node" "/usr/local/bin/npm" "install" "n" "-g"
8 error node v16.4.2
9 error npm  v3.5.4
10 error primordials is not defined
11 error If you need help, you may report this error at:
11 error     <https://github.com/npm/npm/issues>
12 verbose exit [ 1, true ]
